# JRE version: Java(TM) SE Runtime Environment (17.0.1+12) (build 17.0.1+12-LTS-39)
# Java VM: Java HotSpot(TM) 64-Bit Server VM (17.0.1+12-LTS-39, mixed mode, sharing, tiered, compressed oops, compressed class ptrs, g1 gc, windows-amd64)
GC Precious Log:
 CPUs: 8 total, 8 available
 Memory: 8093M
 Large Page Support: Disabled
 NUMA Support: Disabled
 Compressed Oops: Enabled (32-bit)
 Heap Region Size: 1M
 Heap Min Capacity: 8M
 Heap Initial Capacity: 128M
 Heap Max Capacity: 2024M
 Pre-touch: Disabled
 Parallel Workers: 8
 Concurrent Workers: 2
 Concurrent Refinement Workers: 8
 Periodic GC: Disabled
Heap:
 garbage-first heap   total 440320K, used 381177K [0x0000000081800000, 0x0000000100000000)
  region size 1024K, 86 young (88064K), 2 survivors (2048K)
 Metaspace       used 28382K, committed 28736K, reserved 1081344K
  class space    used 3307K, committed 3520K, reserved 1048576K
GC Heap History (20 events):
Event: 176.921 GC heap before
{Heap before GC invocations=14 (full 0):
 garbage-first heap   total 140288K, used 125692K [0x0000000081800000, 0x0000000100000000)
  region size 1024K, 6 young (6144K), 1 survivors (1024K)
 Metaspace       used 26689K, committed 27072K, reserved 1073152K
  class space    used 3266K, committed 3456K, reserved 1048576K
}
Event: 176.925 GC heap after
{Heap after GC invocations=15 (full 0):
 garbage-first heap   total 140288K, used 121692K [0x0000000081800000, 0x0000000100000000)
  region size 1024K, 1 young (1024K), 1 survivors (1024K)
 Metaspace       used 26689K, committed 27072K, reserved 1073152K
  class space    used 3266K, committed 3456K, reserved 1048576K
}
Event: 179.375 GC heap before
{Heap before GC invocations=16 (full 0):
 garbage-first heap   total 206848K, used 122716K [0x0000000081800000, 0x0000000100000000)
  region size 1024K, 3 young (3072K), 1 survivors (1024K)
 Metaspace       used 26695K, committed 27072K, reserved 1073152K
  class space    used 3266K, committed 3456K, reserved 1048576K
}
Event: 179.378 GC heap after
{Heap after GC invocations=17 (full 0):
 garbage-first heap   total 206848K, used 121676K [0x0000000081800000, 0x0000000100000000)
  region size 1024K, 1 young (1024K), 1 survivors (1024K)
 Metaspace       used 26695K, committed 27072K, reserved 1073152K
  class space    used 3266K, committed 3456K, reserved 1048576K
}
Event: 199.716 GC heap before
{Heap before GC invocations=17 (full 0):
 garbage-first heap   total 206848K, used 143180K [0x0000000081800000, 0x0000000100000000)
  region size 1024K, 6 young (6144K), 1 survivors (1024K)
 Metaspace       used 26717K, committed 27072K, reserved 1073152K
  class space    used 3267K, committed 3456K, reserved 1048576K
}
Event: 199.720 GC heap after
{Heap after GC invocations=18 (full 0):
 garbage-first heap   total 206848K, used 139228K [0x0000000081800000, 0x0000000100000000)
  region size 1024K, 1 young (1024K), 1 survivors (1024K)
 Metaspace       used 26717K, committed 27072K, reserved 1073152K
  class space    used 3267K, committed 3456K, reserved 1048576K
}
Event: 251.937 GC heap before
{Heap before GC invocations=19 (full 0):
 garbage-first heap   total 263168K, used 169948K [0x0000000081800000, 0x0000000100000000)
  region size 1024K, 15 young (15360K), 1 survivors (1024K)
 Metaspace       used 26918K, committed 27264K, reserved 1073152K
  class space    used 3269K, committed 3456K, reserved 1048576K
}
Event: 251.940 GC heap after
{Heap after GC invocations=20 (full 0):
 garbage-first heap   total 263168K, used 156836K [0x0000000081800000, 0x0000000100000000)
  region size 1024K, 1 young (1024K), 1 survivors (1024K)
 Metaspace       used 26918K, committed 27264K, reserved 1073152K
  class space    used 3269K, committed 3456K, reserved 1048576K
}
Event: 267.235 GC heap before
{Heap before GC invocations=20 (full 0):
 garbage-first heap   total 263168K, used 177316K [0x0000000081800000, 0x0000000100000000)
  region size 1024K, 5 young (5120K), 1 survivors (1024K)
 Metaspace       used 26945K, committed 27264K, reserved 1073152K
  class space    used 3269K, committed 3456K, reserved 1048576K
}
Event: 267.237 GC heap after
{Heap after GC invocations=21 (full 0):
 garbage-first heap   total 263168K, used 174381K [0x0000000081800000, 0x0000000100000000)
  region size 1024K, 1 young (1024K), 1 survivors (1024K)
 Metaspace       used 26945K, committed 27264K, reserved 1073152K
  class space    used 3269K, committed 3456K, reserved 1048576K
}
Event: 326.846 GC heap before
{Heap before GC invocations=22 (full 0):
 garbage-first heap   total 322560K, used 211245K [0x0000000081800000, 0x0000000100000000)
  region size 1024K, 21 young (21504K), 1 survivors (1024K)
 Metaspace       used 27203K, committed 27584K, reserved 1073152K
  class space    used 3270K, committed 3456K, reserved 1048576K
}
Event: 326.853 GC heap after
{Heap after GC invocations=23 (full 0):
 garbage-first heap   total 322560K, used 191984K [0x0000000081800000, 0x0000000100000000)
  region size 1024K, 1 young (1024K), 1 survivors (1024K)
 Metaspace       used 27203K, committed 27584K, reserved 1073152K
  class space    used 3270K, committed 3456K, reserved 1048576K
}
Event: 345.878 GC heap before
{Heap before GC invocations=23 (full 0):
 garbage-first heap   total 322560K, used 212464K [0x0000000081800000, 0x0000000100000000)
  region size 1024K, 5 young (5120K), 1 survivors (1024K)
 Metaspace       used 27227K, committed 27584K, reserved 1073152K
  class space    used 3270K, committed 3456K, reserved 1048576K
}
Event: 345.880 GC heap after
{Heap after GC invocations=24 (full 0):
 garbage-first heap   total 322560K, used 209511K [0x0000000081800000, 0x0000000100000000)
  region size 1024K, 1 young (1024K), 1 survivors (1024K)
 Metaspace       used 27227K, committed 27584K, reserved 1073152K
  class space    used 3270K, committed 3456K, reserved 1048576K
}
Event: 385.116 GC heap before
{Heap before GC invocations=25 (full 0):
 garbage-first heap   total 380928K, used 234087K [0x0000000081800000, 0x0000000100000000)
  region size 1024K, 9 young (9216K), 1 survivors (1024K)
 Metaspace       used 27295K, committed 27648K, reserved 1073152K
  class space    used 3270K, committed 3456K, reserved 1048576K
}
Event: 385.120 GC heap after
{Heap after GC invocations=26 (full 0):
 garbage-first heap   total 380928K, used 227111K [0x0000000081800000, 0x0000000100000000)
  region size 1024K, 2 young (2048K), 2 survivors (2048K)
 Metaspace       used 27295K, committed 27648K, reserved 1073152K
  class space    used 3270K, committed 3456K, reserved 1048576K
}
Event: 406.773 GC heap before
{Heap before GC invocations=26 (full 0):
 garbage-first heap   total 380928K, used 248615K [0x0000000081800000, 0x0000000100000000)
  region size 1024K, 7 young (7168K), 2 survivors (2048K)
 Metaspace       used 27312K, committed 27648K, reserved 1073152K
  class space    used 3270K, committed 3456K, reserved 1048576K
}
Event: 406.777 GC heap after
{Heap after GC invocations=27 (full 0):
 garbage-first heap   total 380928K, used 244634K [0x0000000081800000, 0x0000000100000000)
  region size 1024K, 2 young (2048K), 2 survivors (2048K)
 Metaspace       used 27312K, committed 27648K, reserved 1073152K
  class space    used 3270K, committed 3456K, reserved 1048576K
}
Event: 475.439 GC heap before
{Heap before GC invocations=28 (full 0):
 garbage-first heap   total 440320K, used 295834K [0x0000000081800000, 0x0000000100000000)
  region size 1024K, 19 young (19456K), 2 survivors (2048K)
 Metaspace       used 27504K, committed 27904K, reserved 1081344K
  class space    used 3276K, committed 3456K, reserved 1048576K
}
Event: 475.454 GC heap after
{Heap after GC invocations=29 (full 0):
 garbage-first heap   total 440320K, used 279801K [0x0000000081800000, 0x0000000100000000)
  region size 1024K, 2 young (2048K), 2 survivors (2048K)
 Metaspace       used 27504K, committed 27904K, reserved 1081344K
  class space    used 3276K, committed 3456K, reserved 1048576K
}

