# JRE version: Java(TM) SE Runtime Environment (17.0.1+12) (build 17.0.1+12-LTS-39)
# Java VM: Java HotSpot(TM) 64-Bit Server VM (17.0.1+12-LTS-39, mixed mode, sharing, tiered, compressed oops, compressed class ptrs, g1 gc, windows-amd64)
GC Precious Log:
 CPUs: 8 total, 8 available
 Memory: 8093M
 Large Page Support: Disabled
 NUMA Support: Disabled
 Compressed Oops: Enabled (32-bit)
 Heap Region Size: 1M
 Heap Min Capacity: 8M
 Heap Initial Capacity: 128M
 Heap Max Capacity: 2024M
 Pre-touch: Disabled
 Parallel Workers: 8
 Concurrent Workers: 2
 Concurrent Refinement Workers: 8
 Periodic GC: Disabled
Heap:
 garbage-first heap   total 439296K, used 280637K [0x0000000081800000, 0x0000000100000000)
  region size 1024K, 4 young (4096K), 3 survivors (3072K)
 Metaspace       used 27852K, committed 28352K, reserved 1081344K
  class space    used 3267K, committed 3520K, reserved 1048576K
GC Heap History (20 events):
Event: 203.480 GC heap before
{Heap before GC invocations=16 (full 0):
 garbage-first heap   total 206848K, used 122842K [0x0000000081800000, 0x0000000100000000)
  region size 1024K, 3 young (3072K), 1 survivors (1024K)
 Metaspace       used 26687K, committed 27072K, reserved 1073152K
  class space    used 3255K, committed 3456K, reserved 1048576K
}
Event: 203.483 GC heap after
{Heap after GC invocations=17 (full 0):
 garbage-first heap   total 206848K, used 121805K [0x0000000081800000, 0x0000000100000000)
  region size 1024K, 1 young (1024K), 1 survivors (1024K)
 Metaspace       used 26687K, committed 27072K, reserved 1073152K
  class space    used 3255K, committed 3456K, reserved 1048576K
}
Event: 225.001 GC heap before
{Heap before GC invocations=18 (full 0):
 garbage-first heap   total 235520K, used 142285K [0x0000000081800000, 0x0000000100000000)
  region size 1024K, 5 young (5120K), 1 survivors (1024K)
 Metaspace       used 26717K, committed 27072K, reserved 1073152K
  class space    used 3255K, committed 3456K, reserved 1048576K
}
Event: 225.003 GC heap after
{Heap after GC invocations=19 (full 0):
 garbage-first heap   total 235520K, used 139365K [0x0000000081800000, 0x0000000100000000)
  region size 1024K, 1 young (1024K), 1 survivors (1024K)
 Metaspace       used 26717K, committed 27072K, reserved 1073152K
  class space    used 3255K, committed 3456K, reserved 1048576K
}
Event: 263.853 GC heap before
{Heap before GC invocations=20 (full 0):
 garbage-first heap   total 265216K, used 162917K [0x0000000081800000, 0x0000000100000000)
  region size 1024K, 9 young (9216K), 1 survivors (1024K)
 Metaspace       used 26828K, committed 27200K, reserved 1073152K
  class space    used 3256K, committed 3456K, reserved 1048576K
}
Event: 263.856 GC heap after
{Heap after GC invocations=21 (full 0):
 garbage-first heap   total 265216K, used 156981K [0x0000000081800000, 0x0000000100000000)
  region size 1024K, 1 young (1024K), 1 survivors (1024K)
 Metaspace       used 26828K, committed 27200K, reserved 1073152K
  class space    used 3256K, committed 3456K, reserved 1048576K
}
Event: 283.554 GC heap before
{Heap before GC invocations=22 (full 0):
 garbage-first heap   total 291840K, used 177461K [0x0000000081800000, 0x0000000100000000)
  region size 1024K, 5 young (5120K), 1 survivors (1024K)
 Metaspace       used 26872K, committed 27200K, reserved 1073152K
  class space    used 3256K, committed 3456K, reserved 1048576K
}
Event: 283.556 GC heap after
{Heap after GC invocations=23 (full 0):
 garbage-first heap   total 291840K, used 174454K [0x0000000081800000, 0x0000000100000000)
  region size 1024K, 1 young (1024K), 1 survivors (1024K)
 Metaspace       used 26872K, committed 27200K, reserved 1073152K
  class space    used 3256K, committed 3456K, reserved 1048576K
}
Event: 347.838 GC heap before
{Heap before GC invocations=24 (full 0):
 garbage-first heap   total 322560K, used 202102K [0x0000000081800000, 0x0000000100000000)
  region size 1024K, 12 young (12288K), 1 survivors (1024K)
 Metaspace       used 26996K, committed 27328K, reserved 1073152K
  class space    used 3257K, committed 3456K, reserved 1048576K
}
Event: 347.845 GC heap after
{Heap after GC invocations=25 (full 0):
 garbage-first heap   total 322560K, used 192042K [0x0000000081800000, 0x0000000100000000)
  region size 1024K, 1 young (1024K), 1 survivors (1024K)
 Metaspace       used 26996K, committed 27328K, reserved 1073152K
  class space    used 3257K, committed 3456K, reserved 1048576K
}
Event: 368.956 GC heap before
{Heap before GC invocations=26 (full 0):
 garbage-first heap   total 352256K, used 212522K [0x0000000081800000, 0x0000000100000000)
  region size 1024K, 5 young (5120K), 1 survivors (1024K)
 Metaspace       used 27021K, committed 27392K, reserved 1073152K
  class space    used 3257K, committed 3456K, reserved 1048576K
}
Event: 368.958 GC heap after
{Heap after GC invocations=27 (full 0):
 garbage-first heap   total 352256K, used 209552K [0x0000000081800000, 0x0000000100000000)
  region size 1024K, 1 young (1024K), 1 survivors (1024K)
 Metaspace       used 27021K, committed 27392K, reserved 1073152K
  class space    used 3257K, committed 3456K, reserved 1048576K
}
Event: 419.857 GC heap before
{Heap before GC invocations=28 (full 0):
 garbage-first heap   total 380928K, used 234128K [0x0000000081800000, 0x0000000100000000)
  region size 1024K, 10 young (10240K), 1 survivors (1024K)
 Metaspace       used 27138K, committed 27520K, reserved 1073152K
  class space    used 3257K, committed 3456K, reserved 1048576K
}
Event: 419.859 GC heap after
{Heap after GC invocations=29 (full 0):
 garbage-first heap   total 380928K, used 227108K [0x0000000081800000, 0x0000000100000000)
  region size 1024K, 1 young (1024K), 1 survivors (1024K)
 Metaspace       used 27138K, committed 27520K, reserved 1073152K
  class space    used 3257K, committed 3456K, reserved 1048576K
}
Event: 616.316 GC heap before
{Heap before GC invocations=30 (full 0):
 garbage-first heap   total 408576K, used 248612K [0x0000000081800000, 0x0000000100000000)
  region size 1024K, 7 young (7168K), 1 survivors (1024K)
 Metaspace       used 27262K, committed 27648K, reserved 1073152K
  class space    used 3269K, committed 3456K, reserved 1048576K
}
Event: 616.332 GC heap after
{Heap after GC invocations=31 (full 0):
 garbage-first heap   total 408576K, used 244507K [0x0000000081800000, 0x0000000100000000)
  region size 1024K, 1 young (1024K), 1 survivors (1024K)
 Metaspace       used 27262K, committed 27648K, reserved 1073152K
  class space    used 3269K, committed 3456K, reserved 1048576K
}
Event: 2165.574 GC heap before
{Heap before GC invocations=32 (full 0):
 garbage-first heap   total 439296K, used 362267K [0x0000000081800000, 0x0000000100000000)
  region size 1024K, 100 young (102400K), 1 survivors (1024K)
 Metaspace       used 27916K, committed 28288K, reserved 1081344K
  class space    used 3294K, committed 3520K, reserved 1048576K
}
Event: 2165.608 GC heap after
{Heap after GC invocations=33 (full 0):
 garbage-first heap   total 439296K, used 262995K [0x0000000081800000, 0x0000000100000000)
  region size 1024K, 3 young (3072K), 3 survivors (3072K)
 Metaspace       used 27916K, committed 28288K, reserved 1081344K
  class space    used 3294K, committed 3520K, reserved 1048576K
}
Event: 2281.109 GC heap before
{Heap before GC invocations=33 (full 0):
 garbage-first heap   total 439296K, used 279379K [0x0000000081800000, 0x0000000100000000)
  region size 1024K, 20 young (20480K), 3 survivors (3072K)
 Metaspace       used 27975K, committed 28352K, reserved 1081344K
  class space    used 3295K, committed 3520K, reserved 1048576K
}
Event: 2281.155 GC heap after
{Heap after GC invocations=34 (full 0):
 garbage-first heap   total 439296K, used 263229K [0x0000000081800000, 0x0000000100000000)
  region size 1024K, 3 young (3072K), 3 survivors (3072K)
 Metaspace       used 27975K, committed 28352K, reserved 1081344K
  class space    used 3295K, committed 3520K, reserved 1048576K
}

