# JRE version: Java(TM) SE Runtime Environment (17.0.1+12) (build 17.0.1+12-LTS-39)
# Java VM: Java HotSpot(TM) 64-Bit Server VM (17.0.1+12-LTS-39, mixed mode, sharing, tiered, compressed oops, compressed class ptrs, g1 gc, windows-amd64)
GC Precious Log:
 CPUs: 8 total, 8 available
 Memory: 8093M
 Large Page Support: Disabled
 NUMA Support: Disabled
 Compressed Oops: Enabled (32-bit)
 Heap Region Size: 1M
 Heap Min Capacity: 8M
 Heap Initial Capacity: 128M
 Heap Max Capacity: 2024M
 Pre-touch: Disabled
 Parallel Workers: 8
 Concurrent Workers: 2
 Concurrent Refinement Workers: 8
 Periodic GC: Disabled
Heap:
 garbage-first heap   total 411648K, used 270394K [0x0000000081800000, 0x0000000100000000)
  region size 1024K, 11 young (11264K), 2 survivors (2048K)
 Metaspace       used 27854K, committed 28224K, reserved 1081344K
  class space    used 3284K, committed 3456K, reserved 1048576K
GC Heap History (20 events):
Event: 77.482 GC heap before
{Heap before GC invocations=10 (full 0):
 garbage-first heap   total 87040K, used 66813K [0x0000000081800000, 0x0000000100000000)
  region size 1024K, 18 young (18432K), 1 survivors (1024K)
 Metaspace       used 26769K, committed 27072K, reserved 1073152K
  class space    used 3258K, committed 3392K, reserved 1048576K
}
Event: 77.485 GC heap after
{Heap after GC invocations=11 (full 0):
 garbage-first heap   total 87040K, used 50371K [0x0000000081800000, 0x0000000100000000)
  region size 1024K, 1 young (1024K), 1 survivors (1024K)
 Metaspace       used 26769K, committed 27072K, reserved 1073152K
  class space    used 3258K, committed 3392K, reserved 1048576K
}
Event: 106.595 GC heap before
{Heap before GC invocations=12 (full 0):
 garbage-first heap   total 123904K, used 116931K [0x0000000081800000, 0x0000000100000000)
  region size 1024K, 17 young (17408K), 1 survivors (1024K)
 Metaspace       used 26975K, committed 27328K, reserved 1073152K
  class space    used 3261K, committed 3456K, reserved 1048576K
}
Event: 106.601 GC heap after
{Heap after GC invocations=13 (full 0):
 garbage-first heap   total 123904K, used 104617K [0x0000000081800000, 0x0000000100000000)
  region size 1024K, 3 young (3072K), 3 survivors (3072K)
 Metaspace       used 26975K, committed 27328K, reserved 1073152K
  class space    used 3261K, committed 3456K, reserved 1048576K
}
Event: 124.878 GC heap before
{Heap before GC invocations=13 (full 0):
 garbage-first heap   total 141312K, used 125097K [0x0000000081800000, 0x0000000100000000)
  region size 1024K, 6 young (6144K), 3 survivors (3072K)
 Metaspace       used 27078K, committed 27456K, reserved 1073152K
  class space    used 3261K, committed 3456K, reserved 1048576K
}
Event: 124.886 GC heap after
{Heap after GC invocations=14 (full 0):
 garbage-first heap   total 141312K, used 121871K [0x0000000081800000, 0x0000000100000000)
  region size 1024K, 1 young (1024K), 1 survivors (1024K)
 Metaspace       used 27078K, committed 27456K, reserved 1073152K
  class space    used 3261K, committed 3456K, reserved 1048576K
}
Event: 126.971 GC heap before
{Heap before GC invocations=14 (full 0):
 garbage-first heap   total 141312K, used 125967K [0x0000000081800000, 0x0000000100000000)
  region size 1024K, 6 young (6144K), 1 survivors (1024K)
 Metaspace       used 27157K, committed 27520K, reserved 1073152K
  class space    used 3263K, committed 3456K, reserved 1048576K
}
Event: 126.974 GC heap after
{Heap after GC invocations=15 (full 0):
 garbage-first heap   total 141312K, used 121816K [0x0000000081800000, 0x0000000100000000)
  region size 1024K, 1 young (1024K), 1 survivors (1024K)
 Metaspace       used 27157K, committed 27520K, reserved 1073152K
  class space    used 3263K, committed 3456K, reserved 1048576K
}
Event: 126.986 GC heap before
{Heap before GC invocations=15 (full 0):
 garbage-first heap   total 141312K, used 121816K [0x0000000081800000, 0x0000000100000000)
  region size 1024K, 2 young (2048K), 1 survivors (1024K)
 Metaspace       used 27157K, committed 27520K, reserved 1073152K
  class space    used 3263K, committed 3456K, reserved 1048576K
}
Event: 126.988 GC heap after
{Heap after GC invocations=16 (full 0):
 garbage-first heap   total 141312K, used 121848K [0x0000000081800000, 0x0000000100000000)
  region size 1024K, 1 young (1024K), 1 survivors (1024K)
 Metaspace       used 27157K, committed 27520K, reserved 1073152K
  class space    used 3263K, committed 3456K, reserved 1048576K
}
Event: 156.526 GC heap before
{Heap before GC invocations=17 (full 0):
 garbage-first heap   total 234496K, used 161784K [0x0000000081800000, 0x0000000100000000)
  region size 1024K, 6 young (6144K), 1 survivors (1024K)
 Metaspace       used 27317K, committed 27648K, reserved 1073152K
  class space    used 3279K, committed 3456K, reserved 1048576K
}
Event: 156.529 GC heap after
{Heap after GC invocations=18 (full 0):
 garbage-first heap   total 234496K, used 156936K [0x0000000081800000, 0x0000000100000000)
  region size 1024K, 1 young (1024K), 1 survivors (1024K)
 Metaspace       used 27317K, committed 27648K, reserved 1073152K
  class space    used 3279K, committed 3456K, reserved 1048576K
}
Event: 157.256 GC heap before
{Heap before GC invocations=18 (full 0):
 garbage-first heap   total 234496K, used 158984K [0x0000000081800000, 0x0000000100000000)
  region size 1024K, 4 young (4096K), 1 survivors (1024K)
 Metaspace       used 27330K, committed 27648K, reserved 1073152K
  class space    used 3279K, committed 3456K, reserved 1048576K
}
Event: 157.259 GC heap after
{Heap after GC invocations=19 (full 0):
 garbage-first heap   total 234496K, used 157038K [0x0000000081800000, 0x0000000100000000)
  region size 1024K, 1 young (1024K), 1 survivors (1024K)
 Metaspace       used 27330K, committed 27648K, reserved 1073152K
  class space    used 3279K, committed 3456K, reserved 1048576K
}
Event: 159.421 GC heap before
{Heap before GC invocations=19 (full 0):
 garbage-first heap   total 234496K, used 177518K [0x0000000081800000, 0x0000000100000000)
  region size 1024K, 5 young (5120K), 1 survivors (1024K)
 Metaspace       used 27371K, committed 27712K, reserved 1073152K
  class space    used 3279K, committed 3456K, reserved 1048576K
}
Event: 159.423 GC heap after
{Heap after GC invocations=20 (full 0):
 garbage-first heap   total 234496K, used 174601K [0x0000000081800000, 0x0000000100000000)
  region size 1024K, 1 young (1024K), 1 survivors (1024K)
 Metaspace       used 27371K, committed 27712K, reserved 1073152K
  class space    used 3279K, committed 3456K, reserved 1048576K
}
Event: 184.516 GC heap before
{Heap before GC invocations=21 (full 0):
 garbage-first heap   total 322560K, used 248329K [0x0000000081800000, 0x0000000100000000)
  region size 1024K, 22 young (22528K), 1 survivors (1024K)
 Metaspace       used 27638K, committed 28032K, reserved 1081344K
  class space    used 3284K, committed 3456K, reserved 1048576K
}
Event: 184.520 GC heap after
{Heap after GC invocations=22 (full 0):
 garbage-first heap   total 322560K, used 227339K [0x0000000081800000, 0x0000000100000000)
  region size 1024K, 2 young (2048K), 2 survivors (2048K)
 Metaspace       used 27638K, committed 28032K, reserved 1081344K
  class space    used 3284K, committed 3456K, reserved 1048576K
}
Event: 194.799 GC heap before
{Heap before GC invocations=22 (full 0):
 garbage-first heap   total 322560K, used 237579K [0x0000000081800000, 0x0000000100000000)
  region size 1024K, 13 young (13312K), 2 survivors (2048K)
 Metaspace       used 27777K, committed 28096K, reserved 1081344K
  class space    used 3284K, committed 3456K, reserved 1048576K
}
Event: 194.801 GC heap after
{Heap after GC invocations=23 (full 0):
 garbage-first heap   total 322560K, used 227386K [0x0000000081800000, 0x0000000100000000)
  region size 1024K, 2 young (2048K), 2 survivors (2048K)
 Metaspace       used 27777K, committed 28096K, reserved 1081344K
  class space    used 3284K, committed 3456K, reserved 1048576K
}

